[0m[[0m[0mdebug[0m] [0m[0mRunning TaskDef(HelloTester, org.scalatest.tools.Framework$$anon$1@160ccdec, false, [SuiteSelector])[0m
[0m[[0m[0minfo[0m] [0m[0m[32mHelloTester:[0m[0m
[0m[[0m[0minfo[0m] [0m[0m[32mHello[0m[0m
[0m[[0m[0minfo[0m] [0m[0m[31m- should correctly route messages based on headers and direction *** FAILED ***[0m[0m
[0m[[0m[0minfo[0m] [0m[0m[31m  In step 8: io_out_2=0 (0x0) did not equal expected=21474842158 (0x50000162e) at (HelloSpec.scala:61) (HelloSpec.scala:61)[0m[0m
[0m[[0m[0minfo[0m] [0m[0m[36mRun completed in 2 seconds, 371 milliseconds.[0m[0m
[0m[[0m[0minfo[0m] [0m[0m[36mTotal number of tests run: 1[0m[0m
[0m[[0m[0minfo[0m] [0m[0m[36mSuites: completed 1, aborted 0[0m[0m
[0m[[0m[0minfo[0m] [0m[0m[36mTests: succeeded 0, failed 1, canceled 0, ignored 0, pending 0[0m[0m
[0m[[0m[0minfo[0m] [0m[0m[31m*** 1 TEST FAILED ***[0m[0m
[0m[[0m[31merror[0m] [0m[0mFailed tests:[0m
[0m[[0m[31merror[0m] [0m[0m	HelloTester[0m
[0m[[0m[31merror[0m] [0m[0m(Test / [31mtest[0m) sbt.TestsFailedException: Tests unsuccessful[0m
